<?xml version="1.0" encoding="UTF-8"?>
<testng-results skipped="0" failed="0" ignored="0" total="5" passed="5">
  <reporter-output>
  </reporter-output>
  <suite name="sortable-module" duration-ms="20773" started-at="2019-04-10T14:38:01Z" finished-at="2019-04-10T14:38:22Z">
    <groups>
    </groups>
    <test name="sortable-1" duration-ms="5224" started-at="2019-04-10T14:38:01Z" finished-at="2019-04-10T14:38:06Z">
      <class name="com.qa_sortable_challenge.tests.SortableTest">
        <test-method status="PASS" signature="setupDriver(java.lang.String)[pri:0, instance:com.qa_sortable_challenge.tests.SortableTest@6833ce2c]" name="setupDriver" is-config="true" duration-ms="1983" started-at="2019-04-10T14:38:01Z" finished-at="2019-04-10T14:38:03Z">
          <params>
            <param index="0">
              <value>
                <![CDATA[169.254.160.79]]>
              </value>
            </param>
          </params>
          <reporter-output>
          </reporter-output>
        </test-method> <!-- setupDriver -->
        <test-method status="PASS" signature="sortTable()[pri:0, instance:com.qa_sortable_challenge.tests.SortableTest@6833ce2c]" name="sortTable" duration-ms="3212" started-at="2019-04-10T14:38:03Z" finished-at="2019-04-10T14:38:06Z">
          <reporter-output>
          </reporter-output>
        </test-method> <!-- sortTable -->
        <test-method status="PASS" signature="quitBrowser()[pri:0, instance:com.qa_sortable_challenge.tests.SortableTest@6833ce2c]" name="quitBrowser" is-config="true" duration-ms="13" started-at="2019-04-10T14:38:06Z" finished-at="2019-04-10T14:38:06Z">
          <reporter-output>
          </reporter-output>
        </test-method> <!-- quitBrowser -->
      </class> <!-- com.qa_sortable_challenge.tests.SortableTest -->
    </test> <!-- sortable-1 -->
    <test name="sortable-2" duration-ms="3705" started-at="2019-04-10T14:38:06Z" finished-at="2019-04-10T14:38:10Z">
      <class name="com.qa_sortable_challenge.tests.SortableTest">
        <test-method status="PASS" signature="setupDriver(java.lang.String)[pri:0, instance:com.qa_sortable_challenge.tests.SortableTest@3f0ee7cb]" name="setupDriver" is-config="true" duration-ms="784" started-at="2019-04-10T14:38:06Z" finished-at="2019-04-10T14:38:07Z">
          <params>
            <param index="0">
              <value>
                <![CDATA[169.254.160.79]]>
              </value>
            </param>
          </params>
          <reporter-output>
          </reporter-output>
        </test-method> <!-- setupDriver -->
        <test-method status="PASS" signature="sortTable()[pri:0, instance:com.qa_sortable_challenge.tests.SortableTest@3f0ee7cb]" name="sortTable" duration-ms="2909" started-at="2019-04-10T14:38:07Z" finished-at="2019-04-10T14:38:10Z">
          <reporter-output>
          </reporter-output>
        </test-method> <!-- sortTable -->
        <test-method status="PASS" signature="quitBrowser()[pri:0, instance:com.qa_sortable_challenge.tests.SortableTest@3f0ee7cb]" name="quitBrowser" is-config="true" duration-ms="11" started-at="2019-04-10T14:38:10Z" finished-at="2019-04-10T14:38:10Z">
          <reporter-output>
          </reporter-output>
        </test-method> <!-- quitBrowser -->
      </class> <!-- com.qa_sortable_challenge.tests.SortableTest -->
    </test> <!-- sortable-2 -->
    <test name="sortable-3" duration-ms="4090" started-at="2019-04-10T14:38:10Z" finished-at="2019-04-10T14:38:14Z">
      <class name="com.qa_sortable_challenge.tests.SortableTest">
        <test-method status="PASS" signature="setupDriver(java.lang.String)[pri:0, instance:com.qa_sortable_challenge.tests.SortableTest@5a39699c]" name="setupDriver" is-config="true" duration-ms="817" started-at="2019-04-10T14:38:10Z" finished-at="2019-04-10T14:38:11Z">
          <params>
            <param index="0">
              <value>
                <![CDATA[169.254.160.79]]>
              </value>
            </param>
          </params>
          <reporter-output>
          </reporter-output>
        </test-method> <!-- setupDriver -->
        <test-method status="PASS" signature="sortTable()[pri:0, instance:com.qa_sortable_challenge.tests.SortableTest@5a39699c]" name="sortTable" duration-ms="3262" started-at="2019-04-10T14:38:11Z" finished-at="2019-04-10T14:38:14Z">
          <reporter-output>
          </reporter-output>
        </test-method> <!-- sortTable -->
        <test-method status="PASS" signature="quitBrowser()[pri:0, instance:com.qa_sortable_challenge.tests.SortableTest@5a39699c]" name="quitBrowser" is-config="true" duration-ms="10" started-at="2019-04-10T14:38:14Z" finished-at="2019-04-10T14:38:14Z">
          <reporter-output>
          </reporter-output>
        </test-method> <!-- quitBrowser -->
      </class> <!-- com.qa_sortable_challenge.tests.SortableTest -->
    </test> <!-- sortable-3 -->
    <test name="sortable-4" duration-ms="3803" started-at="2019-04-10T14:38:14Z" finished-at="2019-04-10T14:38:18Z">
      <class name="com.qa_sortable_challenge.tests.SortableTest">
        <test-method status="PASS" signature="setupDriver(java.lang.String)[pri:0, instance:com.qa_sortable_challenge.tests.SortableTest@1b0375b3]" name="setupDriver" is-config="true" duration-ms="656" started-at="2019-04-10T14:38:14Z" finished-at="2019-04-10T14:38:15Z">
          <params>
            <param index="0">
              <value>
                <![CDATA[169.254.160.79]]>
              </value>
            </param>
          </params>
          <reporter-output>
          </reporter-output>
        </test-method> <!-- setupDriver -->
        <test-method status="PASS" signature="sortTable()[pri:0, instance:com.qa_sortable_challenge.tests.SortableTest@1b0375b3]" name="sortTable" duration-ms="3133" started-at="2019-04-10T14:38:15Z" finished-at="2019-04-10T14:38:18Z">
          <reporter-output>
          </reporter-output>
        </test-method> <!-- sortTable -->
        <test-method status="PASS" signature="quitBrowser()[pri:0, instance:com.qa_sortable_challenge.tests.SortableTest@1b0375b3]" name="quitBrowser" is-config="true" duration-ms="12" started-at="2019-04-10T14:38:18Z" finished-at="2019-04-10T14:38:18Z">
          <reporter-output>
          </reporter-output>
        </test-method> <!-- quitBrowser -->
      </class> <!-- com.qa_sortable_challenge.tests.SortableTest -->
    </test> <!-- sortable-4 -->
    <test name="sortable-5" duration-ms="3750" started-at="2019-04-10T14:38:18Z" finished-at="2019-04-10T14:38:22Z">
      <class name="com.qa_sortable_challenge.tests.SortableTest">
        <test-method status="PASS" signature="setupDriver(java.lang.String)[pri:0, instance:com.qa_sortable_challenge.tests.SortableTest@e580929]" name="setupDriver" is-config="true" duration-ms="716" started-at="2019-04-10T14:38:18Z" finished-at="2019-04-10T14:38:19Z">
          <params>
            <param index="0">
              <value>
                <![CDATA[169.254.160.79]]>
              </value>
            </param>
          </params>
          <reporter-output>
          </reporter-output>
        </test-method> <!-- setupDriver -->
        <test-method status="PASS" signature="sortTable()[pri:0, instance:com.qa_sortable_challenge.tests.SortableTest@e580929]" name="sortTable" duration-ms="3010" started-at="2019-04-10T14:38:19Z" finished-at="2019-04-10T14:38:22Z">
          <reporter-output>
          </reporter-output>
        </test-method> <!-- sortTable -->
        <test-method status="PASS" signature="quitBrowser()[pri:0, instance:com.qa_sortable_challenge.tests.SortableTest@e580929]" name="quitBrowser" is-config="true" duration-ms="23" started-at="2019-04-10T14:38:22Z" finished-at="2019-04-10T14:38:22Z">
          <reporter-output>
          </reporter-output>
        </test-method> <!-- quitBrowser -->
      </class> <!-- com.qa_sortable_challenge.tests.SortableTest -->
    </test> <!-- sortable-5 -->
  </suite> <!-- sortable-module -->
</testng-results>
